<?xml version="1.0" encoding="UTF-8"?>
<robot generator="Robot 4.1.3 (Python 3.7.4 on win32)" generated="20220104 16:52:56.463" rpa="false" schemaversion="2">
<suite id="s1" name="Automated" source="C:\Users\hebenitez\PycharmProjects\Testing automated exercise\tests\Automated.robot">
<test id="s1-t1" name="Checking Disappearing Element">
<kw name="Begin Web Test" library="Common" type="SETUP">
<arg>${DISAPPEAR_URL}</arg>
<kw name="Open Browser" library="SeleniumLibrary">
<arg>${URL}</arg>
<arg>${BROWSER}</arg>
<doc>Opens a new browser instance to the optional ``url``.</doc>
<msg timestamp="20220104 16:52:57.102" level="INFO">Opening browser 'Chrome' to base url 'https://ss-testing-automated-exercise.herokuapp.com/disappearing_elements'.</msg>
<status status="PASS" starttime="20220104 16:52:57.101" endtime="20220104 16:53:00.142"/>
</kw>
<kw name="Maximize Browser Window" library="SeleniumLibrary">
<doc>Maximizes current browser window.</doc>
<status status="PASS" starttime="20220104 16:53:00.142" endtime="20220104 16:53:00.269"/>
</kw>
<status status="PASS" starttime="20220104 16:52:57.101" endtime="20220104 16:53:00.270"/>
</kw>
<kw name="Checking Disappearing Element" library="AutomatedApp">
<doc>It checks for a certain Element that is randomly displayed. It validates its existence or absence</doc>
<kw name="Checking Disappearing Element" library="DisappearingElements">
<doc>It checks for a certain Element that is randomly displayed. It validates its existence or absence</doc>
<kw name="Wait Until Page Contains Element" library="SeleniumLibrary">
<arg>${CHARGED}</arg>
<doc>Waits until the element ``locator`` appears on the current page.</doc>
<status status="PASS" starttime="20220104 16:53:00.271" endtime="20220104 16:53:00.283"/>
</kw>
<kw name="Run Keyword And Ignore Error" library="BuiltIn">
<var>${exists}</var>
<arg>Page Should Contain Element</arg>
<arg>${DISAPPEARING_ELEMENT}</arg>
<doc>Runs the given keyword with the given arguments and ignores possible error.</doc>
<kw name="Page Should Contain Element" library="SeleniumLibrary">
<arg>${DISAPPEARING_ELEMENT}</arg>
<doc>Verifies that element ``locator`` is found on the current page.</doc>
<msg timestamp="20220104 16:53:00.293" level="INFO">Current page contains element 'css=#content &gt; div &gt; ul &gt; li:nth-child(5) &gt; a'.</msg>
<status status="PASS" starttime="20220104 16:53:00.284" endtime="20220104 16:53:00.293"/>
</kw>
<msg timestamp="20220104 16:53:00.293" level="INFO">${exists} = ('PASS', None)</msg>
<status status="PASS" starttime="20220104 16:53:00.283" endtime="20220104 16:53:00.293"/>
</kw>
<kw name="Log To Console" library="BuiltIn">
<arg>${exists}[0]</arg>
<doc>Logs the given message to the console.</doc>
<status status="PASS" starttime="20220104 16:53:00.293" endtime="20220104 16:53:00.294"/>
</kw>
<if>
<branch type="IF" condition="&quot;${exists}[0]&quot; == 'PASS'">
<kw name="Log To Console" library="BuiltIn">
<arg>Element exists</arg>
<doc>Logs the given message to the console.</doc>
<status status="PASS" starttime="20220104 16:53:00.294" endtime="20220104 16:53:00.295"/>
</kw>
<for flavor="IN RANGE">
<var>${i}</var>
<value>1000</value>
<iter>
<var name="${i}">0</var>
<kw name="Reload Page" library="SeleniumLibrary">
<doc>Simulates user reloading page.</doc>
<status status="PASS" starttime="20220104 16:53:00.295" endtime="20220104 16:53:00.302"/>
</kw>
<kw name="Wait Until Page Contains Element" library="SeleniumLibrary">
<arg>${CHARGED}</arg>
<doc>Waits until the element ``locator`` appears on the current page.</doc>
<status status="PASS" starttime="20220104 16:53:00.303" endtime="20220104 16:53:00.448"/>
</kw>
<kw name="Run Keyword And Ignore Error" library="BuiltIn">
<var>${exists_element}</var>
<arg>Page Should not Contain Element</arg>
<arg>${DISAPPEARING_ELEMENT}</arg>
<doc>Runs the given keyword with the given arguments and ignores possible error.</doc>
<kw name="Page Should Not Contain Element" library="SeleniumLibrary">
<arg>${DISAPPEARING_ELEMENT}</arg>
<doc>Verifies that element ``locator`` is not found on the current page.</doc>
<kw name="Capture Page Screenshot" library="SeleniumLibrary">
<doc>Takes a screenshot of the current page and embeds it into a log file.</doc>
<msg timestamp="20220104 16:53:00.616" level="INFO" html="true">&lt;/td&gt;&lt;/tr&gt;&lt;tr&gt;&lt;td colspan="3"&gt;&lt;a href="selenium-screenshot-29.png"&gt;&lt;img src="selenium-screenshot-29.png" width="800px"&gt;&lt;/a&gt;</msg>
<status status="PASS" starttime="20220104 16:53:00.459" endtime="20220104 16:53:00.616"/>
</kw>
<msg timestamp="20220104 16:53:00.620" level="FAIL">Page should not have contained element 'css=#content &gt; div &gt; ul &gt; li:nth-child(5) &gt; a'.</msg>
<status status="FAIL" starttime="20220104 16:53:00.449" endtime="20220104 16:53:00.620"/>
</kw>
<msg timestamp="20220104 16:53:00.620" level="INFO">${exists_element} = ('FAIL', "Page should not have contained element 'css=#content &gt; div &gt; ul &gt; li:nth-child(5) &gt; a'.")</msg>
<status status="PASS" starttime="20220104 16:53:00.449" endtime="20220104 16:53:00.620"/>
</kw>
<kw name="Log To Console" library="BuiltIn">
<arg>Element does not exist</arg>
<doc>Logs the given message to the console.</doc>
<status status="PASS" starttime="20220104 16:53:00.620" endtime="20220104 16:53:00.621"/>
</kw>
<kw name="Run Keyword If" library="BuiltIn">
<arg>"${exists_element}[0]" == 'PASS'</arg>
<arg>Exit For Loop</arg>
<doc>Runs the given keyword with the given arguments, if ``condition`` is true.</doc>
<status status="PASS" starttime="20220104 16:53:00.621" endtime="20220104 16:53:00.621"/>
</kw>
<status status="PASS" starttime="20220104 16:53:00.295" endtime="20220104 16:53:00.622"/>
</iter>
<iter>
<var name="${i}">1</var>
<kw name="Reload Page" library="SeleniumLibrary">
<doc>Simulates user reloading page.</doc>
<status status="PASS" starttime="20220104 16:53:00.622" endtime="20220104 16:53:00.748"/>
</kw>
<kw name="Wait Until Page Contains Element" library="SeleniumLibrary">
<arg>${CHARGED}</arg>
<doc>Waits until the element ``locator`` appears on the current page.</doc>
<status status="PASS" starttime="20220104 16:53:00.749" endtime="20220104 16:53:00.755"/>
</kw>
<kw name="Run Keyword And Ignore Error" library="BuiltIn">
<var>${exists_element}</var>
<arg>Page Should not Contain Element</arg>
<arg>${DISAPPEARING_ELEMENT}</arg>
<doc>Runs the given keyword with the given arguments and ignores possible error.</doc>
<kw name="Page Should Not Contain Element" library="SeleniumLibrary">
<arg>${DISAPPEARING_ELEMENT}</arg>
<doc>Verifies that element ``locator`` is not found on the current page.</doc>
<msg timestamp="20220104 16:53:00.762" level="INFO">Current page does not contain element 'css=#content &gt; div &gt; ul &gt; li:nth-child(5) &gt; a'.</msg>
<status status="PASS" starttime="20220104 16:53:00.756" endtime="20220104 16:53:00.763"/>
</kw>
<msg timestamp="20220104 16:53:00.763" level="INFO">${exists_element} = ('PASS', None)</msg>
<status status="PASS" starttime="20220104 16:53:00.755" endtime="20220104 16:53:00.763"/>
</kw>
<kw name="Log To Console" library="BuiltIn">
<arg>Element does not exist</arg>
<doc>Logs the given message to the console.</doc>
<status status="PASS" starttime="20220104 16:53:00.763" endtime="20220104 16:53:00.764"/>
</kw>
<kw name="Run Keyword If" library="BuiltIn">
<arg>"${exists_element}[0]" == 'PASS'</arg>
<arg>Exit For Loop</arg>
<doc>Runs the given keyword with the given arguments, if ``condition`` is true.</doc>
<kw name="Exit For Loop" library="BuiltIn">
<doc>Stops executing the enclosing for loop.</doc>
<msg timestamp="20220104 16:53:00.764" level="INFO">Exiting for loop altogether.</msg>
<status status="PASS" starttime="20220104 16:53:00.764" endtime="20220104 16:53:00.765"/>
</kw>
<status status="PASS" starttime="20220104 16:53:00.764" endtime="20220104 16:53:00.765"/>
</kw>
<status status="PASS" starttime="20220104 16:53:00.622" endtime="20220104 16:53:00.765"/>
</iter>
<status status="PASS" starttime="20220104 16:53:00.295" endtime="20220104 16:53:00.765"/>
</for>
<status status="PASS" starttime="20220104 16:53:00.294" endtime="20220104 16:53:00.765"/>
</branch>
<branch type="ELSE">
<kw name="Wait Until Page Contains Element" library="SeleniumLibrary">
<arg>${CHARGED}</arg>
<doc>Waits until the element ``locator`` appears on the current page.</doc>
<status status="NOT RUN" starttime="20220104 16:53:00.766" endtime="20220104 16:53:00.766"/>
</kw>
<kw name="Log To Console" library="BuiltIn">
<arg>Element does not exist</arg>
<doc>Logs the given message to the console.</doc>
<status status="NOT RUN" starttime="20220104 16:53:00.766" endtime="20220104 16:53:00.766"/>
</kw>
<kw name="Run Keyword And Ignore Error" library="BuiltIn">
<var>${exists}</var>
<arg>Page Should not Contain Element</arg>
<arg>${DISAPPEARING_ELEMENT}</arg>
<doc>Runs the given keyword with the given arguments and ignores possible error.</doc>
<status status="NOT RUN" starttime="20220104 16:53:00.766" endtime="20220104 16:53:00.766"/>
</kw>
<kw name="Run Keyword If" library="BuiltIn">
<arg>"${exists}[0]" == 'PASS'</arg>
<arg>Log To Console</arg>
<arg>Element really does not exist</arg>
<doc>Runs the given keyword with the given arguments, if ``condition`` is true.</doc>
<status status="NOT RUN" starttime="20220104 16:53:00.766" endtime="20220104 16:53:00.767"/>
</kw>
<for flavor="IN RANGE">
<var>${j}</var>
<value>1000</value>
<iter>
<var name="${j}">${j}</var>
<kw name="Reload Page" library="SeleniumLibrary">
<doc>Simulates user reloading page.</doc>
<status status="NOT RUN" starttime="20220104 16:53:00.767" endtime="20220104 16:53:00.767"/>
</kw>
<kw name="Wait Until Page Contains Element" library="SeleniumLibrary">
<arg>${CHARGED}</arg>
<doc>Waits until the element ``locator`` appears on the current page.</doc>
<status status="NOT RUN" starttime="20220104 16:53:00.767" endtime="20220104 16:53:00.767"/>
</kw>
<kw name="Run Keyword And Ignore Error" library="BuiltIn">
<var>${exists_element}</var>
<arg>Page Should Contain Element</arg>
<arg>${DISAPPEARING_ELEMENT}</arg>
<doc>Runs the given keyword with the given arguments and ignores possible error.</doc>
<status status="NOT RUN" starttime="20220104 16:53:00.767" endtime="20220104 16:53:00.767"/>
</kw>
<kw name="Log To Console" library="BuiltIn">
<arg>Element exists</arg>
<doc>Logs the given message to the console.</doc>
<status status="NOT RUN" starttime="20220104 16:53:00.768" endtime="20220104 16:53:00.768"/>
</kw>
<kw name="Run Keyword If" library="BuiltIn">
<arg>"${exists_element}[0]" == 'PASS'</arg>
<arg>Exit For Loop</arg>
<doc>Runs the given keyword with the given arguments, if ``condition`` is true.</doc>
<status status="NOT RUN" starttime="20220104 16:53:00.768" endtime="20220104 16:53:00.768"/>
</kw>
<status status="NOT RUN" starttime="20220104 16:53:00.767" endtime="20220104 16:53:00.768"/>
</iter>
<status status="NOT RUN" starttime="20220104 16:53:00.767" endtime="20220104 16:53:00.768"/>
</for>
<status status="NOT RUN" starttime="20220104 16:53:00.766" endtime="20220104 16:53:00.768"/>
</branch>
<status status="PASS" starttime="20220104 16:53:00.294" endtime="20220104 16:53:00.768"/>
</if>
<status status="PASS" starttime="20220104 16:53:00.271" endtime="20220104 16:53:00.768"/>
</kw>
<status status="PASS" starttime="20220104 16:53:00.270" endtime="20220104 16:53:00.768"/>
</kw>
<doc>It checks for a certain Element that is randomly displayed. It validates its existence or absence</doc>
<status status="PASS" starttime="20220104 16:52:57.099" endtime="20220104 16:53:00.769"/>
</test>
<test id="s1-t2" name="Dragging And Dropping">
<kw name="Begin Web Test" library="Common" type="SETUP">
<arg>${DRAG_URL}</arg>
<kw name="Open Browser" library="SeleniumLibrary">
<arg>${URL}</arg>
<arg>${BROWSER}</arg>
<doc>Opens a new browser instance to the optional ``url``.</doc>
<msg timestamp="20220104 16:53:00.773" level="INFO">Opening browser 'Chrome' to base url 'https://ss-testing-automated-exercise.herokuapp.com/drag_and_drop'.</msg>
<status status="PASS" starttime="20220104 16:53:00.772" endtime="20220104 16:53:04.386"/>
</kw>
<kw name="Maximize Browser Window" library="SeleniumLibrary">
<doc>Maximizes current browser window.</doc>
<status status="PASS" starttime="20220104 16:53:04.386" endtime="20220104 16:53:04.520"/>
</kw>
<status status="PASS" starttime="20220104 16:53:00.771" endtime="20220104 16:53:04.521"/>
</kw>
<kw name="Dragging And Dropping Element" library="AutomatedApp">
<doc>Validates that user can drag a drop an element to another position.</doc>
<kw name="Dragging And Dropping Element" library="DragDrop">
<doc>It drags and drop a element to a desire position and validates that content of the element is which means that there is another element in the inital position.</doc>
<kw name="Wait Until Element Is Visible" library="SeleniumLibrary">
<arg>${SQUARE_A}</arg>
<doc>Waits until the element ``locator`` is visible.</doc>
<status status="PASS" starttime="20220104 16:53:04.523" endtime="20220104 16:53:04.568"/>
</kw>
<kw name="Wait Until Element Is Visible" library="SeleniumLibrary">
<arg>${SQUARE_B}</arg>
<doc>Waits until the element ``locator`` is visible.</doc>
<status status="PASS" starttime="20220104 16:53:04.568" endtime="20220104 16:53:04.593"/>
</kw>
<kw name="Get Library Instance" library="BuiltIn">
<var>${session}</var>
<arg>SeleniumLibrary</arg>
<doc>Returns the currently active instance of the specified test library.</doc>
<msg timestamp="20220104 16:53:04.594" level="INFO">${session} = &lt;SeleniumLibrary.SeleniumLibrary object at 0x03F9BEF0&gt;</msg>
<status status="PASS" starttime="20220104 16:53:04.594" endtime="20220104 16:53:04.594"/>
</kw>
<kw name="Get WebElement" library="SeleniumLibrary">
<var>${source}</var>
<arg>${SQUARE_A}</arg>
<doc>Returns the first WebElement matching the given ``locator``.</doc>
<msg timestamp="20220104 16:53:04.602" level="INFO">${source} = &lt;selenium.webdriver.remote.webelement.WebElement (session="141b3280c599cc4a7d1996eaf83d6452", element="2779278f-d9c2-451a-ab49-0fb8a282dd6f")&gt;</msg>
<status status="PASS" starttime="20220104 16:53:04.594" endtime="20220104 16:53:04.602"/>
</kw>
<kw name="Get WebElement" library="SeleniumLibrary">
<var>${end}</var>
<arg>${SQUARE_B}</arg>
<doc>Returns the first WebElement matching the given ``locator``.</doc>
<msg timestamp="20220104 16:53:04.608" level="INFO">${end} = &lt;selenium.webdriver.remote.webelement.WebElement (session="141b3280c599cc4a7d1996eaf83d6452", element="3cd2b508-55d3-4459-b7bf-60a1070db955")&gt;</msg>
<status status="PASS" starttime="20220104 16:53:04.602" endtime="20220104 16:53:04.608"/>
</kw>
<kw name="Dragging And Dropping" library="CustomLibrary">
<arg>${session.driver}</arg>
<arg>${source}</arg>
<arg>${end}</arg>
<status status="PASS" starttime="20220104 16:53:04.608" endtime="20220104 16:53:04.676"/>
</kw>
<kw name="Element Should Not Contain" library="SeleniumLibrary">
<arg>xpath= /html/body/div[2]/div/div/div/div[1]/header</arg>
<arg>A</arg>
<doc>Verifies that element ``locator`` does not contain text ``expected``.</doc>
<msg timestamp="20220104 16:53:04.698" level="INFO">Element 'xpath= /html/body/div[2]/div/div/div/div[1]/header' does not contain text 'A'.</msg>
<status status="PASS" starttime="20220104 16:53:04.676" endtime="20220104 16:53:04.698"/>
</kw>
<kw name="Dragging And Dropping" library="CustomLibrary">
<arg>${session.driver}</arg>
<arg>${end}</arg>
<arg>${source}</arg>
<status status="PASS" starttime="20220104 16:53:04.698" endtime="20220104 16:53:04.755"/>
</kw>
<kw name="Element Should Not Contain" library="SeleniumLibrary">
<arg>xpath= /html/body/div[2]/div/div/div/div[2]/header</arg>
<arg>A</arg>
<doc>Verifies that element ``locator`` does not contain text ``expected``.</doc>
<msg timestamp="20220104 16:53:04.776" level="INFO">Element 'xpath= /html/body/div[2]/div/div/div/div[2]/header' does not contain text 'A'.</msg>
<status status="PASS" starttime="20220104 16:53:04.755" endtime="20220104 16:53:04.776"/>
</kw>
<status status="PASS" starttime="20220104 16:53:04.522" endtime="20220104 16:53:04.777"/>
</kw>
<status status="PASS" starttime="20220104 16:53:04.521" endtime="20220104 16:53:04.777"/>
</kw>
<doc>Validates that user can drag a drop an element to another position.</doc>
<status status="PASS" starttime="20220104 16:53:00.771" endtime="20220104 16:53:04.777"/>
</test>
<test id="s1-t3" name="Floating Menu">
<kw name="Begin Web Test" library="Common" type="SETUP">
<arg>${FLOATING_URL}</arg>
<kw name="Open Browser" library="SeleniumLibrary">
<arg>${URL}</arg>
<arg>${BROWSER}</arg>
<doc>Opens a new browser instance to the optional ``url``.</doc>
<msg timestamp="20220104 16:53:04.780" level="INFO">Opening browser 'Chrome' to base url 'https://ss-testing-automated-exercise.herokuapp.com/floating_menu'.</msg>
<status status="PASS" starttime="20220104 16:53:04.780" endtime="20220104 16:53:09.529"/>
</kw>
<kw name="Maximize Browser Window" library="SeleniumLibrary">
<doc>Maximizes current browser window.</doc>
<status status="PASS" starttime="20220104 16:53:09.529" endtime="20220104 16:53:09.657"/>
</kw>
<status status="PASS" starttime="20220104 16:53:04.779" endtime="20220104 16:53:09.657"/>
</kw>
<kw name="Floating Menu" library="AutomatedApp">
<doc>Verify that menu is shown after scrolling down page</doc>
<kw name="Checking Floating Menu In View Port" library="FloatingMenu">
<kw name="Get WebElement" library="SeleniumLibrary">
<var>${ELEMENT}</var>
<arg>${MENU_LOCATOR}</arg>
<doc>Returns the first WebElement matching the given ``locator``.</doc>
<msg timestamp="20220104 16:53:09.670" level="INFO">${ELEMENT} = &lt;selenium.webdriver.remote.webelement.WebElement (session="ee2c3a02afd303397f941c4a97ce34b8", element="2402f138-577a-44c2-b723-70876766bfec")&gt;</msg>
<status status="PASS" starttime="20220104 16:53:09.659" endtime="20220104 16:53:09.670"/>
</kw>
<kw name="Execute Javascript" library="SeleniumLibrary">
<arg>window.scrollTo(0, document.body.scrollHeight)</arg>
<doc>Executes the given JavaScript code with possible arguments.</doc>
<msg timestamp="20220104 16:53:09.671" level="INFO">Executing JavaScript:
window.scrollTo(0, document.body.scrollHeight)
Without any arguments.</msg>
<status status="PASS" starttime="20220104 16:53:09.670" endtime="20220104 16:53:09.679"/>
</kw>
<kw name="Wait Until Element Is Visible" library="SeleniumLibrary">
<arg>${MENU_LOCATOR}</arg>
<doc>Waits until the element ``locator`` is visible.</doc>
<status status="PASS" starttime="20220104 16:53:09.680" endtime="20220104 16:53:09.701"/>
</kw>
<kw name="Move Mouse And Click" library="CustomLibrary">
<arg>${800}</arg>
<arg>${120}</arg>
<status status="PASS" starttime="20220104 16:53:09.701" endtime="20220104 16:53:09.936"/>
</kw>
<kw name="Validation Of Floating Menu" library="FloatingMenu">
<kw name="Get Location" library="SeleniumLibrary">
<var>${current_url}</var>
<doc>Returns the current browser window URL.</doc>
<msg timestamp="20220104 16:53:09.958" level="INFO">${current_url} = https://ss-testing-automated-exercise.herokuapp.com/floating_menu#home</msg>
<status status="PASS" starttime="20220104 16:53:09.937" endtime="20220104 16:53:09.958"/>
</kw>
<if>
<branch type="IF" condition="&quot;${current_url}&quot; != &quot;${FLOATING_URL}&quot;">
<kw name="Pass Execution" library="BuiltIn">
<arg>Menu is in view</arg>
<doc>Skips rest of the current test, setup, or teardown with PASS status.</doc>
<msg timestamp="20220104 16:53:09.959" level="INFO">Execution passed with message:
Menu is in view</msg>
<status status="PASS" starttime="20220104 16:53:09.959" endtime="20220104 16:53:09.960"/>
</kw>
<status status="PASS" starttime="20220104 16:53:09.959" endtime="20220104 16:53:09.960"/>
</branch>
<branch type="ELSE">
<kw name="Fail" library="BuiltIn">
<doc>Fails the test with the given message and optionally alters its tags.</doc>
<status status="NOT RUN" starttime="20220104 16:53:09.960" endtime="20220104 16:53:09.960"/>
</kw>
<status status="NOT RUN" starttime="20220104 16:53:09.960" endtime="20220104 16:53:09.960"/>
</branch>
<status status="PASS" starttime="20220104 16:53:09.958" endtime="20220104 16:53:09.960"/>
</if>
<status status="PASS" starttime="20220104 16:53:09.936" endtime="20220104 16:53:09.961"/>
</kw>
<status status="PASS" starttime="20220104 16:53:09.658" endtime="20220104 16:53:09.962"/>
</kw>
<status status="PASS" starttime="20220104 16:53:09.658" endtime="20220104 16:53:09.962"/>
</kw>
<doc>Verify that menu is shown after scrolling down page</doc>
<status status="PASS" starttime="20220104 16:53:04.779" endtime="20220104 16:53:09.963">Menu is in view</status>
</test>
<status status="PASS" starttime="20220104 16:52:56.466" endtime="20220104 16:53:09.965"/>
</suite>
<statistics>
<total>
<stat pass="3" fail="0" skip="0">All Tests</stat>
</total>
<tag>
</tag>
<suite>
<stat pass="3" fail="0" skip="0" id="s1" name="Automated">Automated</stat>
</suite>
</statistics>
<errors>
<msg timestamp="20220104 16:52:57.031" level="ERROR">Error in file 'C:\Users\hebenitez\PycharmProjects\Testing automated exercise\Resources\PO\ExitIntent.robot' on line 4: Test library 'MoveCursor.py' does not exist.</msg>
<msg timestamp="20220104 16:52:57.057" level="ERROR">Error in file 'C:\Users\hebenitez\PycharmProjects\Testing automated exercise\Resources\PO\FloatingMenu.robot' on line 5: Importing library 'InputData.robot' failed: ModuleNotFoundError: No module named 'InputData'
Traceback (most recent call last):
  None
PYTHONPATH:
  C:\Users\hebenitez\AppData\Local\Programs\Python\Python37-32\Scripts\robot.exe
  c:\users\hebenitez\appdata\local\programs\python\python37-32\python37.zip
  c:\users\hebenitez\appdata\local\programs\python\python37-32\DLLs
  c:\users\hebenitez\appdata\local\programs\python\python37-32\lib
  c:\users\hebenitez\appdata\local\programs\python\python37-32
  c:\users\hebenitez\appdata\local\programs\python\python37-32\lib\site-packages</msg>
</errors>
</robot>
