<?xml version="1.0" encoding="UTF-8"?>
<robot generator="Robot 4.1.3 (Python 3.8.8 on win32)" generated="20220124 18:00:28.763" rpa="false" schemaversion="2">
<suite id="s1" name="Pruebas" source="C:\Users\REMOTO\PycharmProjects\Robot-Framework-herokuapp\Testing automated exercise\Tests\Pruebas.robot">
<test id="s1-t1" name="Multiple Windows">
<kw name="Begin Web Test" library="Common" type="SETUP">
<arg>${WINDOWS_URL}</arg>
<kw name="Open Browser" library="SeleniumLibrary">
<arg>${URL}</arg>
<arg>${BROWSER}</arg>
<doc>Opens a new browser instance to the optional ``url``.</doc>
<msg timestamp="20220124 18:00:29.057" level="INFO">Opening browser 'ie' to base url 'https://ss-testing-automated-exercise.herokuapp.com/windows'.</msg>
<status status="PASS" starttime="20220124 18:00:29.057" endtime="20220124 18:00:30.797"/>
</kw>
<kw name="Maximize Browser Window" library="SeleniumLibrary">
<doc>Maximizes current browser window.</doc>
<status status="PASS" starttime="20220124 18:00:30.798" endtime="20220124 18:00:30.813"/>
</kw>
<status status="PASS" starttime="20220124 18:00:29.057" endtime="20220124 18:00:30.814"/>
</kw>
<kw name="Multiple Windows" library="AutomatedApp">
<doc>This test case verifies that user can click on link to open a new window.</doc>
<kw name="Deploying New Window" library="MultipleWindows">
<doc>Click on link to open a new window. Once opened it switches windows and verify the change by checking the content of new window</doc>
<kw name="Wait Until Page Contains Element" library="SeleniumLibrary">
<arg>${link_locator}</arg>
<doc>Waits until the element ``locator`` appears on the current page.</doc>
<status status="PASS" starttime="20220124 18:00:30.815" endtime="20220124 18:00:30.859"/>
</kw>
<kw name="Click With Javascript" library="Common">
<arg>${link_locator}</arg>
<kw name="Get WebElement" library="SeleniumLibrary">
<var>${w_element}</var>
<arg>${locator}</arg>
<doc>Returns the first WebElement matching the given ``locator``.</doc>
<msg timestamp="20220124 18:00:30.906" level="INFO">${w_element} = &lt;selenium.webdriver.remote.webelement.WebElement (session="376a6985-3339-4d4a-ab31-4617de5d53c6", element="52fabf0e-b331-4688-b35e-e48be89272cf")&gt;</msg>
<status status="PASS" starttime="20220124 18:00:30.860" endtime="20220124 18:00:30.907"/>
</kw>
<kw name="Execute Javascript" library="SeleniumLibrary">
<arg>arguments[0].click();</arg>
<arg>ARGUMENTS</arg>
<arg>${w_element}</arg>
<doc>Executes the given JavaScript code with possible arguments.</doc>
<msg timestamp="20220124 18:00:30.907" level="INFO">Executing JavaScript:
arguments[0].click();
By using argument:
'&lt;selenium.webdriver.remote.webelement.WebElement (session="376a6985-3339-4d4a-ab31-4617de5d53c6", element="52fabf0e-b331-4688-b35e-e48be89272cf")&gt;'</msg>
<status status="PASS" starttime="20220124 18:00:30.907" endtime="20220124 18:00:30.984"/>
</kw>
<kw name="Sleep" library="BuiltIn">
<arg>${wait}</arg>
<doc>Pauses the test executed for the given time.</doc>
<msg timestamp="20220124 18:00:31.247" level="INFO">Slept 250 milliseconds</msg>
<status status="PASS" starttime="20220124 18:00:30.984" endtime="20220124 18:00:31.247"/>
</kw>
<status status="PASS" starttime="20220124 18:00:30.859" endtime="20220124 18:00:31.247"/>
</kw>
<kw name="Sleep" library="BuiltIn">
<arg>1 sec</arg>
<doc>Pauses the test executed for the given time.</doc>
<msg timestamp="20220124 18:00:32.250" level="INFO">Slept 1 second</msg>
<status status="PASS" starttime="20220124 18:00:31.247" endtime="20220124 18:00:32.250"/>
</kw>
<kw name="Switch Window" library="SeleniumLibrary">
<arg>title:New Window</arg>
<doc>Switches to browser window matching ``locator``.</doc>
<msg timestamp="20220124 18:00:33.843" level="INFO" html="true">&lt;/td&gt;&lt;/tr&gt;&lt;tr&gt;&lt;td colspan="3"&gt;&lt;a href="selenium-screenshot-16.png"&gt;&lt;img src="selenium-screenshot-16.png" width="800px"&gt;&lt;/a&gt;</msg>
<msg timestamp="20220124 18:00:33.845" level="FAIL">Unable to locate window with title 'New Window'.</msg>
<status status="FAIL" starttime="20220124 18:00:32.250" endtime="20220124 18:00:33.845"/>
</kw>
<kw name="Wait Until Page Contains Element" library="SeleniumLibrary">
<arg>${text}</arg>
<doc>Waits until the element ``locator`` appears on the current page.</doc>
<status status="NOT RUN" starttime="20220124 18:00:33.845" endtime="20220124 18:00:33.845"/>
</kw>
<kw name="Page Should Contain Element" library="SeleniumLibrary">
<arg>${text}</arg>
<doc>Verifies that element ``locator`` is found on the current page.</doc>
<status status="NOT RUN" starttime="20220124 18:00:33.845" endtime="20220124 18:00:33.845"/>
</kw>
<status status="FAIL" starttime="20220124 18:00:30.814" endtime="20220124 18:00:33.846"/>
</kw>
<status status="FAIL" starttime="20220124 18:00:30.814" endtime="20220124 18:00:33.846"/>
</kw>
<doc>This test case verifies that user can click on link to open a new window.</doc>
<status status="FAIL" starttime="20220124 18:00:29.056" endtime="20220124 18:00:33.846">Unable to locate window with title 'New Window'.</status>
</test>
<status status="FAIL" starttime="20220124 18:00:28.765" endtime="20220124 18:00:33.847"/>
</suite>
<statistics>
<total>
<stat pass="0" fail="1" skip="0">All Tests</stat>
</total>
<tag>
</tag>
<suite>
<stat pass="0" fail="1" skip="0" id="s1" name="Pruebas">Pruebas</stat>
</suite>
</statistics>
<errors>
</errors>
</robot>
